<?xml version="1.0" encoding="UTF-8"?>
<!-- Generated by org.testng.reporters.JUnitReportReporter -->
<testsuite skipped="0" hostname="LIN83000081" name="com.orange.testCases.TC" tests="1" failures="0" timestamp="2019-12-19T16:10:30 IST" time="9.330" errors="0">
  <testcase name="t" time="9.330" classname="com.orange.testCases.TC"/>
</testsuite> <!-- com.orange.testCases.TC -->
