<?xml version="1.0" encoding="UTF-8"?>
<!-- Generated by org.testng.reporters.JUnitReportReporter -->
<testsuite skipped="0" hostname="LIN83000081" name="com.orange.testCases.LoginTest" tests="2" failures="0" timestamp="2019-12-21T01:08:52 IST" time="4.222" errors="0">
  <testcase name="loginToApp2" time="2.147" classname="com.orange.testCases.LoginTest"/>
  <testcase name="loginToApp1" time="2.075" classname="com.orange.testCases.LoginTest"/>
</testsuite> <!-- com.orange.testCases.LoginTest -->
